# JRE version: 7.0_11-b21
# Java VM: Java HotSpot(TM) 64-Bit Server VM (23.6-b04 mixed mode windows-amd64 compressed oops)
Heap
 PSYoungGen      total 12096K, used 4863K [0x00000000fa000000, 0x00000000fb3f0000, 0x0000000100000000)
  eden space 10432K, 30% used [0x00000000fa000000,0x00000000fa3229a0,0x00000000faa30000)
  from space 1664K, 99% used [0x00000000faa40000,0x00000000fabdd310,0x00000000fabe0000)
  to   space 4992K, 0% used [0x00000000faf10000,0x00000000faf10000,0x00000000fb3f0000)
 ParOldGen       total 122048K, used 88101K [0x00000000e8000000, 0x00000000ef730000, 0x00000000fa000000)
  object space 122048K, 72% used [0x00000000e8000000,0x00000000ed609650,0x00000000ef730000)
 PSPermGen       total 109440K, used 63861K [0x00000000e0000000, 0x00000000e6ae0000, 0x00000000e8000000)
  object space 109440K, 58% used [0x00000000e0000000,0x00000000e3e5d470,0x00000000e6ae0000)
GC Heap History (10 events):
Event: 9028.025 GC heap before
{Heap before GC invocations=336 (full 3):
 PSYoungGen      total 15936K, used 14004K [0x00000000fa000000, 0x00000000fb520000, 0x0000000100000000)
  eden space 10752K, 100% used [0x00000000fa000000,0x00000000faa80000,0x00000000faa80000)
  from space 5184K, 62% used [0x00000000fb010000,0x00000000fb33d310,0x00000000fb520000)
  to   space 5440K, 0% used [0x00000000faa80000,0x00000000faa80000,0x00000000fafd0000)
 ParOldGen       total 122048K, used 86549K [0x00000000e8000000, 0x00000000ef730000, 0x00000000fa000000)
  object space 122048K, 70% used [0x00000000e8000000,0x00000000ed485650,0x00000000ef730000)
 PSPermGen       total 109440K, used 63849K [0x00000000e0000000, 0x00000000e6ae0000, 0x00000000e8000000)
  object space 109440K, 58% used [0x00000000e0000000,0x00000000e3e5a450,0x00000000e6ae0000)
Event: 9028.036 GC heap after
Heap after GC invocations=336 (full 3):
 PSYoungGen      total 13824K, used 3132K [0x00000000fa000000, 0x00000000fb4b0000, 0x0000000100000000)
  eden space 10688K, 0% used [0x00000000fa000000,0x00000000fa000000,0x00000000faa70000)
  from space 3136K, 99% used [0x00000000faa80000,0x00000000fad8f300,0x00000000fad90000)
  to   space 5248K, 0% used [0x00000000faf90000,0x00000000faf90000,0x00000000fb4b0000)
 ParOldGen       total 122048K, used 86557K [0x00000000e8000000, 0x00000000ef730000, 0x00000000fa000000)
  object space 122048K, 70% used [0x00000000e8000000,0x00000000ed487650,0x00000000ef730000)
 PSPermGen       total 109440K, used 63849K [0x00000000e0000000, 0x00000000e6ae0000, 0x00000000e8000000)
  object space 109440K, 58% used [0x00000000e0000000,0x00000000e3e5a450,0x00000000e6ae0000)
}
Event: 9652.012 GC heap before
{Heap before GC invocations=337 (full 3):
 PSYoungGen      total 13824K, used 13820K [0x00000000fa000000, 0x00000000fb4b0000, 0x0000000100000000)
  eden space 10688K, 100% used [0x00000000fa000000,0x00000000faa70000,0x00000000faa70000)
  from space 3136K, 99% used [0x00000000faa80000,0x00000000fad8f300,0x00000000fad90000)
  to   space 5248K, 0% used [0x00000000faf90000,0x00000000faf90000,0x00000000fb4b0000)
 ParOldGen       total 122048K, used 86557K [0x00000000e8000000, 0x00000000ef730000, 0x00000000fa000000)
  object space 122048K, 70% used [0x00000000e8000000,0x00000000ed487650,0x00000000ef730000)
 PSPermGen       total 109440K, used 63849K [0x00000000e0000000, 0x00000000e6ae0000, 0x00000000e8000000)
  object space 109440K, 58% used [0x00000000e0000000,0x00000000e3e5a530,0x00000000e6ae0000)
Event: 9652.023 GC heap after
Heap after GC invocations=337 (full 3):
 PSYoungGen      total 15552K, used 2588K [0x00000000fa000000, 0x00000000fb460000, 0x0000000100000000)
  eden space 10624K, 0% used [0x00000000fa000000,0x00000000fa000000,0x00000000faa60000)
  from space 4928K, 52% used [0x00000000faf90000,0x00000000fb217300,0x00000000fb460000)
  to   space 5120K, 0% used [0x00000000faa60000,0x00000000faa60000,0x00000000faf60000)
 ParOldGen       total 122048K, used 87117K [0x00000000e8000000, 0x00000000ef730000, 0x00000000fa000000)
  object space 122048K, 71% used [0x00000000e8000000,0x00000000ed513650,0x00000000ef730000)
 PSPermGen       total 109440K, used 63849K [0x00000000e0000000, 0x00000000e6ae0000, 0x00000000e8000000)
  object space 109440K, 58% used [0x00000000e0000000,0x00000000e3e5a530,0x00000000e6ae0000)
}
Event: 10273.005 GC heap before
{Heap before GC invocations=338 (full 3):
 PSYoungGen      total 15552K, used 13212K [0x00000000fa000000, 0x00000000fb460000, 0x0000000100000000)
  eden space 10624K, 100% used [0x00000000fa000000,0x00000000faa60000,0x00000000faa60000)
  from space 4928K, 52% used [0x00000000faf90000,0x00000000fb217300,0x00000000fb460000)
  to   space 5120K, 0% used [0x00000000faa60000,0x00000000faa60000,0x00000000faf60000)
 ParOldGen       total 122048K, used 87117K [0x00000000e8000000, 0x00000000ef730000, 0x00000000fa000000)
  object space 122048K, 71% used [0x00000000e8000000,0x00000000ed513650,0x00000000ef730000)
 PSPermGen       total 109440K, used 63849K [0x00000000e0000000, 0x00000000e6ae0000, 0x00000000e8000000)
  object space 109440K, 58% used [0x00000000e0000000,0x00000000e3e5a550,0x00000000e6ae0000)
Event: 10273.015 GC heap after
Heap after GC invocations=338 (full 3):
 PSYoungGen      total 12864K, used 2292K [0x00000000fa000000, 0x00000000fb430000, 0x0000000100000000)
  eden space 10560K, 0% used [0x00000000fa000000,0x00000000fa000000,0x00000000faa50000)
  from space 2304K, 99% used [0x00000000faa60000,0x00000000fac9d310,0x00000000faca0000)
  to   space 5056K, 0% used [0x00000000faf40000,0x00000000faf40000,0x00000000fb430000)
 ParOldGen       total 122048K, used 87461K [0x00000000e8000000, 0x00000000ef730000, 0x00000000fa000000)
  object space 122048K, 71% used [0x00000000e8000000,0x00000000ed569650,0x00000000ef730000)
 PSPermGen       total 109440K, used 63849K [0x00000000e0000000, 0x00000000e6ae0000, 0x00000000e8000000)
  object space 109440K, 58% used [0x00000000e0000000,0x00000000e3e5a550,0x00000000e6ae0000)
}
Event: 10888.004 GC heap before
{Heap before GC invocations=339 (full 3):
 PSYoungGen      total 12864K, used 12852K [0x00000000fa000000, 0x00000000fb430000, 0x0000000100000000)
  eden space 10560K, 100% used [0x00000000fa000000,0x00000000faa50000,0x00000000faa50000)
  from space 2304K, 99% used [0x00000000faa60000,0x00000000fac9d310,0x00000000faca0000)
  to   space 5056K, 0% used [0x00000000faf40000,0x00000000faf40000,0x00000000fb430000)
 ParOldGen       total 122048K, used 87461K [0x00000000e8000000, 0x00000000ef730000, 0x00000000fa000000)
  object space 122048K, 71% used [0x00000000e8000000,0x00000000ed569650,0x00000000ef730000)
 PSPermGen       total 109440K, used 63850K [0x00000000e0000000, 0x00000000e6ae0000, 0x00000000e8000000)
  object space 109440K, 58% used [0x00000000e0000000,0x00000000e3e5a8a8,0x00000000e6ae0000)
Event: 10888.015 GC heap after
Heap after GC invocations=339 (full 3):
 PSYoungGen      total 15360K, used 1972K [0x00000000fa000000, 0x00000000fb400000, 0x0000000100000000)
  eden space 10496K, 0% used [0x00000000fa000000,0x00000000fa000000,0x00000000faa40000)
  from space 4864K, 40% used [0x00000000faf40000,0x00000000fb12d310,0x00000000fb400000)
  to   space 4992K, 0% used [0x00000000faa40000,0x00000000faa40000,0x00000000faf20000)
 ParOldGen       total 122048K, used 87773K [0x00000000e8000000, 0x00000000ef730000, 0x00000000fa000000)
  object space 122048K, 71% used [0x00000000e8000000,0x00000000ed5b7650,0x00000000ef730000)
 PSPermGen       total 109440K, used 63850K [0x00000000e0000000, 0x00000000e6ae0000, 0x00000000e8000000)
  object space 109440K, 58% used [0x00000000e0000000,0x00000000e3e5a8a8,0x00000000e6ae0000)
}
Event: 11502.990 GC heap before
{Heap before GC invocations=340 (full 3):
 PSYoungGen      total 15360K, used 12468K [0x00000000fa000000, 0x00000000fb400000, 0x0000000100000000)
  eden space 10496K, 100% used [0x00000000fa000000,0x00000000faa40000,0x00000000faa40000)
  from space 4864K, 40% used [0x00000000faf40000,0x00000000fb12d310,0x00000000fb400000)
  to   space 4992K, 0% used [0x00000000faa40000,0x00000000faa40000,0x00000000faf20000)
 ParOldGen       total 122048K, used 87773K [0x00000000e8000000, 0x00000000ef730000, 0x00000000fa000000)
  object space 122048K, 71% used [0x00000000e8000000,0x00000000ed5b7650,0x00000000ef730000)
 PSPermGen       total 109440K, used 63850K [0x00000000e0000000, 0x00000000e6ae0000, 0x00000000e8000000)
  object space 109440K, 58% used [0x00000000e0000000,0x00000000e3e5aa50,0x00000000e6ae0000)
Event: 11503.001 GC heap after
Heap after GC invocations=340 (full 3):
 PSYoungGen      total 12096K, used 1652K [0x00000000fa000000, 0x00000000fb3f0000, 0x0000000100000000)
  eden space 10432K, 0% used [0x00000000fa000000,0x00000000fa000000,0x00000000faa30000)
  from space 1664K, 99% used [0x00000000faa40000,0x00000000fabdd310,0x00000000fabe0000)
  to   space 4992K, 0% used [0x00000000faf10000,0x00000000faf10000,0x00000000fb3f0000)
 ParOldGen       total 122048K, used 88101K [0x00000000e8000000, 0x00000000ef730000, 0x00000000fa000000)
  object space 122048K, 72% used [0x00000000e8000000,0x00000000ed609650,0x00000000ef730000)
 PSPermGen       total 109440K, used 63850K [0x00000000e0000000, 0x00000000e6ae0000, 0x00000000e8000000)
  object space 109440K, 58% used [0x00000000e0000000,0x00000000e3e5aa50,0x00000000e6ae0000)
}

